
2015-02-26 09:54:49
[INFO]-[Thread: main]-[cluster.kmeans.KMeansTrainer.main()]: **************************************

2015-02-26 09:54:49
[INFO]-[Thread: main]-[cluster.kmeans.KMeansTrainer.excute()]: inteat:0

2015-02-26 09:54:49
[INFO]-[Thread: main]-[cluster.kmeans.KMeansTrainer.excute()]: inteat:1

2015-02-26 09:54:49
[INFO]-[Thread: main]-[cluster.kmeans.KMeansTrainer.excute()]: inteat:2

2015-02-26 09:54:49
[INFO]-[Thread: main]-[cluster.kmeans.KMeansTrainer.excute()]: inteat:3

2015-02-26 09:54:49
[INFO]-[Thread: main]-[cluster.kmeans.KMeansTrainer.excute()]: inteat:4

2015-02-26 09:54:49
[INFO]-[Thread: main]-[cluster.kmeans.KMeansTrainer.excute()]: inteat:5

2015-02-26 09:54:49
[INFO]-[Thread: main]-[cluster.kmeans.KMeansTrainer.excute()]: inteat:6

2015-02-26 09:54:49
[INFO]-[Thread: main]-[cluster.kmeans.KMeansTrainer.excute()]: inteat:7

2015-02-26 09:54:49
[INFO]-[Thread: main]-[cluster.kmeans.KMeansTrainer.excute()]: inteat:8

2015-02-26 09:54:49
[INFO]-[Thread: main]-[cluster.kmeans.KMeansTrainer.excute()]: inteat:9

2015-02-26 09:54:49
[INFO]-[Thread: main]-[cluster.kmeans.KMeansTrainer.excute()]: inteat:10

2015-02-26 09:54:49
[INFO]-[Thread: main]-[cluster.kmeans.KMeansTrainer.excute()]: inteat:11

2015-02-26 09:54:49
[INFO]-[Thread: main]-[cluster.kmeans.KMeansTrainer.correspondResult()]: {0=2, 1=2, 2=2, 3=2, 4=2, 5=2, 6=2, 7=2, 8=2, 9=2, 10=2, 11=2, 12=2, 13=2, 14=2, 15=2, 17=2, 16=2, 19=2, 18=2, 21=2, 20=2, 23=2, 22=2, 25=2, 24=2, 27=2, 26=2, 29=2, 28=2, 31=2, 30=2, 34=2, 35=2, 32=2, 33=2, 38=2, 39=2, 36=2, 37=2, 42=2, 43=2, 40=2, 41=2, 46=2, 47=2, 44=2, 45=2, 51=0, 50=1, 49=2, 48=2, 55=0, 54=0, 53=0, 52=1, 59=0, 58=0, 57=0, 56=0, 63=0, 62=0, 61=0, 60=0, 68=0, 69=0, 70=0, 71=0, 64=0, 65=0, 66=0, 67=0, 76=0, 77=1, 78=0, 79=0, 72=0, 73=0, 74=0, 75=0, 85=0, 84=0, 87=0, 86=0, 81=0, 80=0, 83=0, 82=0, 93=0, 92=0, 95=0, 94=0, 89=0, 88=0, 91=0, 90=0, 102=1, 103=1, 100=1, 101=0, 98=0, 99=0, 96=0, 97=0, 110=1, 111=1, 108=1, 109=1, 106=0, 107=1, 104=1, 105=1, 119=0, 118=1, 117=1, 116=1, 115=1, 114=0, 113=0, 112=1, 127=0, 126=0, 125=1, 124=1, 123=0, 122=1, 121=0, 120=1, 137=1, 136=1, 139=1, 138=0, 141=1, 140=1, 143=1, 142=0, 129=1, 128=1, 131=1, 130=1, 133=0, 132=1, 135=1, 134=1, 144=1, 145=1, 146=0, 147=1, 148=1, 149=0}

2015-02-26 09:54:49
[INFO]-[Thread: main]-[cluster.kmeans.KMeansTrainer.correspondResult()]: classNumb[j]:0

2015-02-26 09:54:49
[INFO]-[Thread: main]-[cluster.kmeans.KMeansTrainer.correspondResult()]: classNumb[j]:47

2015-02-26 09:54:49
[INFO]-[Thread: main]-[cluster.kmeans.KMeansTrainer.correspondResult()]: classNumb[j]:14

2015-02-26 09:54:49
[INFO]-[Thread: main]-[cluster.kmeans.KMeansTrainer.correspondResult()]: classNumb[j]:0

2015-02-26 09:54:49
[INFO]-[Thread: main]-[cluster.kmeans.KMeansTrainer.correspondResult()]: classNumb[j]:3

2015-02-26 09:54:49
[INFO]-[Thread: main]-[cluster.kmeans.KMeansTrainer.correspondResult()]: classNumb[j]:36

2015-02-26 09:54:49
[INFO]-[Thread: main]-[cluster.kmeans.KMeansTrainer.correspondResult()]: classNumb[j]:50

2015-02-26 09:54:49
[INFO]-[Thread: main]-[cluster.kmeans.KMeansTrainer.correspondResult()]: classNumb[j]:0

2015-02-26 09:54:49
[INFO]-[Thread: main]-[cluster.kmeans.KMeansTrainer.correspondResult()]: classNumb[j]:0

2015-02-26 09:54:49
[INFO]-[Thread: main]-[cluster.kmeans.KMeansTrainer.correspondResult()]: {0=0, 1=0, 2=0, 3=0, 4=0, 5=0, 6=0, 7=0, 8=0, 9=0, 10=0, 11=0, 12=0, 13=0, 14=0, 15=0, 17=0, 16=0, 19=0, 18=0, 21=0, 20=0, 23=0, 22=0, 25=0, 24=0, 27=0, 26=0, 29=0, 28=0, 31=0, 30=0, 34=0, 35=0, 32=0, 33=0, 38=0, 39=0, 36=0, 37=0, 42=0, 43=0, 40=0, 41=0, 46=0, 47=0, 44=0, 45=0, 51=1, 50=2, 49=0, 48=0, 55=1, 54=1, 53=1, 52=2, 59=1, 58=1, 57=1, 56=1, 63=1, 62=1, 61=1, 60=1, 68=1, 69=1, 70=1, 71=1, 64=1, 65=1, 66=1, 67=1, 76=1, 77=2, 78=1, 79=1, 72=1, 73=1, 74=1, 75=1, 85=1, 84=1, 87=1, 86=1, 81=1, 80=1, 83=1, 82=1, 93=1, 92=1, 95=1, 94=1, 89=1, 88=1, 91=1, 90=1, 102=2, 103=2, 100=2, 101=1, 98=1, 99=1, 96=1, 97=1, 110=2, 111=2, 108=2, 109=2, 106=1, 107=2, 104=2, 105=2, 119=1, 118=2, 117=2, 116=2, 115=2, 114=1, 113=1, 112=2, 127=1, 126=1, 125=2, 124=2, 123=1, 122=2, 121=1, 120=2, 137=2, 136=2, 139=2, 138=1, 141=2, 140=2, 143=2, 142=1, 129=2, 128=2, 131=2, 130=2, 133=1, 132=2, 135=2, 134=2, 144=2, 145=2, 146=1, 147=2, 148=2, 149=1}

2015-02-26 09:54:49
[INFO]-[Thread: main]-[cluster.kmeans.KMeansTrainer.main()]: 准确率：0.8866666666666667

2015-02-26 09:55:04
[INFO]-[Thread: main]-[cluster.kmeans.KMeansTrainer.main()]: **************************************

2015-02-26 09:55:04
[INFO]-[Thread: main]-[cluster.kmeans.KMeansTrainer.excute()]: inteat:0

2015-02-26 09:55:04
[INFO]-[Thread: main]-[cluster.kmeans.KMeansTrainer.excute()]: inteat:1

2015-02-26 09:55:04
[INFO]-[Thread: main]-[cluster.kmeans.KMeansTrainer.excute()]: inteat:2

2015-02-26 09:55:04
[INFO]-[Thread: main]-[cluster.kmeans.KMeansTrainer.excute()]: inteat:3

2015-02-26 09:55:04
[INFO]-[Thread: main]-[cluster.kmeans.KMeansTrainer.excute()]: inteat:4

2015-02-26 09:55:04
[INFO]-[Thread: main]-[cluster.kmeans.KMeansTrainer.excute()]: inteat:5

2015-02-26 09:55:04
[INFO]-[Thread: main]-[cluster.kmeans.KMeansTrainer.excute()]: inteat:6

2015-02-26 09:55:04
[INFO]-[Thread: main]-[cluster.kmeans.KMeansTrainer.excute()]: inteat:7

2015-02-26 09:55:04
[INFO]-[Thread: main]-[cluster.kmeans.KMeansTrainer.excute()]: inteat:8

2015-02-26 09:55:04
[INFO]-[Thread: main]-[cluster.kmeans.KMeansTrainer.excute()]: inteat:9

2015-02-26 09:55:04
[INFO]-[Thread: main]-[cluster.kmeans.KMeansTrainer.excute()]: inteat:10

2015-02-26 09:55:04
[INFO]-[Thread: main]-[cluster.kmeans.KMeansTrainer.excute()]: inteat:11

2015-02-26 09:55:04
[INFO]-[Thread: main]-[cluster.kmeans.KMeansTrainer.correspondResult()]: {0=1, 1=1, 2=1, 3=1, 4=1, 5=1, 6=1, 7=1, 8=1, 9=1, 10=1, 11=1, 12=1, 13=1, 14=1, 15=1, 17=1, 16=1, 19=1, 18=1, 21=1, 20=1, 23=1, 22=1, 25=1, 24=1, 27=1, 26=1, 29=1, 28=1, 31=1, 30=1, 34=1, 35=1, 32=1, 33=1, 38=1, 39=1, 36=1, 37=1, 42=1, 43=1, 40=1, 41=1, 46=1, 47=1, 44=1, 45=1, 51=2, 50=0, 49=1, 48=1, 55=2, 54=2, 53=2, 52=0, 59=2, 58=2, 57=2, 56=2, 63=2, 62=2, 61=2, 60=2, 68=2, 69=2, 70=2, 71=2, 64=2, 65=2, 66=2, 67=2, 76=2, 77=0, 78=2, 79=2, 72=2, 73=2, 74=2, 75=2, 85=2, 84=2, 87=2, 86=2, 81=2, 80=2, 83=2, 82=2, 93=2, 92=2, 95=2, 94=2, 89=2, 88=2, 91=2, 90=2, 102=0, 103=0, 100=0, 101=2, 98=2, 99=2, 96=2, 97=2, 110=0, 111=0, 108=0, 109=0, 106=2, 107=0, 104=0, 105=0, 119=2, 118=0, 117=0, 116=0, 115=0, 114=2, 113=2, 112=0, 127=2, 126=2, 125=0, 124=0, 123=2, 122=0, 121=2, 120=0, 137=0, 136=0, 139=0, 138=2, 141=0, 140=0, 143=0, 142=2, 129=0, 128=0, 131=0, 130=0, 133=2, 132=0, 135=0, 134=0, 144=0, 145=0, 146=2, 147=0, 148=0, 149=2}

2015-02-26 09:55:04
[INFO]-[Thread: main]-[cluster.kmeans.KMeansTrainer.correspondResult()]: classNumb[j]:0

2015-02-26 09:55:04
[INFO]-[Thread: main]-[cluster.kmeans.KMeansTrainer.correspondResult()]: classNumb[j]:3

2015-02-26 09:55:04
[INFO]-[Thread: main]-[cluster.kmeans.KMeansTrainer.correspondResult()]: classNumb[j]:36

2015-02-26 09:55:04
[INFO]-[Thread: main]-[cluster.kmeans.KMeansTrainer.correspondResult()]: classNumb[j]:50

2015-02-26 09:55:04
[INFO]-[Thread: main]-[cluster.kmeans.KMeansTrainer.correspondResult()]: classNumb[j]:0

2015-02-26 09:55:04
[INFO]-[Thread: main]-[cluster.kmeans.KMeansTrainer.correspondResult()]: classNumb[j]:0

2015-02-26 09:55:04
[INFO]-[Thread: main]-[cluster.kmeans.KMeansTrainer.correspondResult()]: classNumb[j]:0

2015-02-26 09:55:04
[INFO]-[Thread: main]-[cluster.kmeans.KMeansTrainer.correspondResult()]: classNumb[j]:47

2015-02-26 09:55:04
[INFO]-[Thread: main]-[cluster.kmeans.KMeansTrainer.correspondResult()]: classNumb[j]:14

2015-02-26 09:55:04
[INFO]-[Thread: main]-[cluster.kmeans.KMeansTrainer.correspondResult()]: {0=0, 1=0, 2=0, 3=0, 4=0, 5=0, 6=0, 7=0, 8=0, 9=0, 10=0, 11=0, 12=0, 13=0, 14=0, 15=0, 17=0, 16=0, 19=0, 18=0, 21=0, 20=0, 23=0, 22=0, 25=0, 24=0, 27=0, 26=0, 29=0, 28=0, 31=0, 30=0, 34=0, 35=0, 32=0, 33=0, 38=0, 39=0, 36=0, 37=0, 42=0, 43=0, 40=0, 41=0, 46=0, 47=0, 44=0, 45=0, 51=1, 50=2, 49=0, 48=0, 55=1, 54=1, 53=1, 52=2, 59=1, 58=1, 57=1, 56=1, 63=1, 62=1, 61=1, 60=1, 68=1, 69=1, 70=1, 71=1, 64=1, 65=1, 66=1, 67=1, 76=1, 77=2, 78=1, 79=1, 72=1, 73=1, 74=1, 75=1, 85=1, 84=1, 87=1, 86=1, 81=1, 80=1, 83=1, 82=1, 93=1, 92=1, 95=1, 94=1, 89=1, 88=1, 91=1, 90=1, 102=2, 103=2, 100=2, 101=1, 98=1, 99=1, 96=1, 97=1, 110=2, 111=2, 108=2, 109=2, 106=1, 107=2, 104=2, 105=2, 119=1, 118=2, 117=2, 116=2, 115=2, 114=1, 113=1, 112=2, 127=1, 126=1, 125=2, 124=2, 123=1, 122=2, 121=1, 120=2, 137=2, 136=2, 139=2, 138=1, 141=2, 140=2, 143=2, 142=1, 129=2, 128=2, 131=2, 130=2, 133=1, 132=2, 135=2, 134=2, 144=2, 145=2, 146=1, 147=2, 148=2, 149=1}

2015-02-26 09:55:04
[INFO]-[Thread: main]-[cluster.kmeans.KMeansTrainer.main()]: 准确率：0.8866666666666667
